[36mSaving config:
{
    "K_epochs":	5,
    "action_dim":	"4",
    "actor_hidden_dims":	[
        256,
        256
    ],
    "actor_lr":	0.0001,
    "agent_type":	"MT1",
    "algo_name":	"ppo",
    "critic_lr":	0.001,
    "device":	"cuda:0",
    "embed_dim":	1,
    "env_type":	"MetaGym",
    "episode_len":	1000,
    "episode_num":	4,
    "epoch":	2000,
    "eps_clip":	0.2,
    "eval_episodes":	3,
    "group":	"MetaGym-MT1-seed-1",
    "hidden_dims":	[
        256,
        256
    ],
    "import_policy":	false,
    "logdir":	"log/ppo-d1d6-seed1/MetaGym-MT1-seed-1",
    "max_action":	"1.0",
    "name":	"ppo-d1d6-seed1",
    "obs_shape":	[
        39
    ],
    "project":	"purpose",
    "rendering":	true,
    "rendering_path":	"MetaGym-MT1",
    "seeds":	[
        1,
        3,
        5,
        7,
        9
    ],
    "step_per_epoch":	50,
    "task":	"MetaGym-MT1",
    "task_name":	"lever-pull",
    "task_num":	1,
    "verbose":	true
}
Epoch:   0%|                                                                                   | 0/2000 [00:00<?, ?it/s]

Traceback (most recent call last):
  File "/home/minjae/Documents/Research/popodice/../popodice/rlkit/buffer/sampler.py", line 116, in collect_trajectory
    ns, rew, term, trunc, infos = env.step(a)
                                  ^^^^^^^^^^^
  File "/home/minjae/miniconda3/envs/rlkit-online/lib/python3.11/site-packages/metaworld/envs/mujoco/sawyer_xyz/sawyer_xyz_env.py", line 166, in inner
    return func(*args, **kwargs)
           ^^^^^^^^^^^^^^^^^^^^^
  File "/home/minjae/miniconda3/envs/rlkit-online/lib/python3.11/site-packages/metaworld/envs/mujoco/sawyer_xyz/sawyer_xyz_env.py", line 604, in step
    a_min=self.sawyer_observation_space.low,
          ^^^^^^^^^^^^^^^^^^^^^^^^^^^^^
  File "/home/minjae/miniconda3/envs/rlkit-online/lib/python3.11/site-packages/metaworld/envs/mujoco/sawyer_xyz/sawyer_xyz_env.py", line 531, in sawyer_observation_space
    return Box(
           ^^^^
  File "/home/minjae/miniconda3/envs/rlkit-online/lib/python3.11/site-packages/gymnasium/spaces/box.py", line 165, in __init__
    self.low_repr = array_short_repr(self.low)
                    ^^^^^^^^^^^^^^^^^^^^^^^^^^
  File "/home/minjae/miniconda3/envs/rlkit-online/lib/python3.11/site-packages/gymnasium/spaces/box.py", line 27, in array_short_repr
    return str(arr)
           ^^^^^^^^
  File "/home/minjae/miniconda3/envs/rlkit-online/lib/python3.11/site-packages/numpy/core/arrayprint.py", line 1612, in _array_str_implementation
    return array2string(a, max_line_width, precision, suppress_small, ' ', "")
           ^^^^^^^^^^^^^^^^^^^^^^^^^^^^^^^^^^^^^^^^^^^^^^^^^^^^^^^^^^^^^^^^^^^
  File "/home/minjae/miniconda3/envs/rlkit-online/lib/python3.11/site-packages/numpy/core/arrayprint.py", line 736, in array2string
    return _array2string(a, options, separator, prefix)
           ^^^^^^^^^^^^^^^^^^^^^^^^^^^^^^^^^^^^^^^^^^^^
  File "/home/minjae/miniconda3/envs/rlkit-online/lib/python3.11/site-packages/numpy/core/arrayprint.py", line 513, in wrapper
    return f(self, *args, **kwargs)
           ^^^^^^^^^^^^^^^^^^^^^^^^
  File "/home/minjae/miniconda3/envs/rlkit-online/lib/python3.11/site-packages/numpy/core/arrayprint.py", line 546, in _array2string
    lst = _formatArray(a, format_function, options['linewidth'],
          ^^^^^^^^^^^^^^^^^^^^^^^^^^^^^^^^^^^^^^^^^^^^^^^^^^^^^^
  File "/home/minjae/miniconda3/envs/rlkit-online/lib/python3.11/site-packages/numpy/core/arrayprint.py", line 889, in _formatArray
    return recurser(index=(),
           ^^^^^^^^^^^^^^^^^^
  File "/home/minjae/miniconda3/envs/rlkit-online/lib/python3.11/site-packages/numpy/core/arrayprint.py", line 853, in recurser
    word = recurser(index + (-1,), next_hanging_indent, next_width)
           ^^^^^^^^^^^^^^^^^^^^^^^^^^^^^^^^^^^^^^^^^^^^^^^^^^^^^^^^
  File "/home/minjae/miniconda3/envs/rlkit-online/lib/python3.11/site-packages/numpy/core/arrayprint.py", line 799, in recurser
    return format_function(a[index])
           ^^^^^^^^^^^^^^^^^^^^^^^^^
  File "/home/minjae/miniconda3/envs/rlkit-online/lib/python3.11/site-packages/numpy/core/arrayprint.py", line 1019, in __call__
    if not np.isfinite(x):
           ^^^^^^^^^^^^^^
KeyboardInterrupt
During handling of the above exception, another exception occurred:
Traceback (most recent call last):
  File "/home/minjae/Documents/Research/popodice/run_example/online/run_ppo.py", line 161, in <module>
    train()
  File "/home/minjae/Documents/Research/popodice/run_example/online/run_ppo.py", line 157, in train
    policy_trainer.online_train(seed)
  File "/home/minjae/Documents/Research/popodice/../popodice/rlkit/policy_trainer/mf_policy_trainer.py", line 138, in online_train
    batch = self.sampler.collect_samples(self.train_env, self.policy, seed)
            ^^^^^^^^^^^^^^^^^^^^^^^^^^^^^^^^^^^^^^^^^^^^^^^^^^^^^^^^^^^^^^^
  File "/home/minjae/Documents/Research/popodice/../popodice/rlkit/buffer/sampler.py", line 229, in collect_samples
    memory = self.collect_trajectory(0, None, training_envs[-1], policy, thread_batch_size, self.episode_len,
             ^^^^^^^^^^^^^^^^^^^^^^^^^^^^^^^^^^^^^^^^^^^^^^^^^^^^^^^^^^^^^^^^^^^^^^^^^^^^^^^^^^^^^^^^^^^^^^^^
  File "/home/minjae/Documents/Research/popodice/../popodice/rlkit/buffer/sampler.py", line 118, in collect_trajectory
    ns, rew, term, infos = env.step(a)
    ^^^^^^^^^^^^^^^^^^^^
ValueError: too many values to unpack (expected 4)